

times in msec
 clock   self+sourced   self:  sourced script
 clock   elapsed:              other lines

000.013  000.013: --- NVIM STARTING ---
000.977  000.964: locale set
001.727  000.750: inits 1
001.755  000.028: window checked
002.056  000.301: parsing arguments
002.480  000.425: expanding arguments
002.620  000.140: inits 2
003.518  000.898: init highlight
004.032  000.515: waiting for UI to make request
012.902  008.869: done waiting for UI
012.937  000.035: initialized screen early for UI
013.907  000.304  000.304: sourcing /Users/masatoshi/.config/nvim/keymap.rc.vim
014.862  000.787  000.787: sourcing /Users/masatoshi/.config/nvim/init.rc.vim
015.400  000.263  000.263: sourcing /Users/masatoshi/.cache/dein/repos/github.com/Shougo/dein.vim/autoload/dein.vim
016.777  000.049  000.049: sourcing /usr/local/Cellar/neovim/HEAD-db415bd/share/nvim/runtime/ftoff.vim
017.179  000.201  000.201: sourcing /Users/masatoshi/.config/nvim/plugins/denite-add.vim
017.324  000.071  000.071: sourcing /Users/masatoshi/.config/nvim/plugins/airline.vim
017.485  000.065  000.065: sourcing /Users/masatoshi/.config/nvim/plugins/deoplete.vim
017.816  000.171  000.171: sourcing /Users/masatoshi/.cache/dein/.cache/init.vim/.dein/autoload/deoplete.vim
022.798  004.715  004.715: sourcing /Users/masatoshi/.cache/dein/.cache/init.vim/.dein/colors/ayu.vim
022.874  007.192  001.919: sourcing /Users/masatoshi/.cache/dein/state_nvim.vim
022.924  007.919  000.465: sourcing /Users/masatoshi/.config/nvim/dein.rc.vim
024.395  000.428  000.428: sourcing /usr/local/Cellar/neovim/HEAD-db415bd/share/nvim/runtime/syntax/nosyntax.vim
359.700  336.483  336.055: sourcing /Users/masatoshi/.config/nvim/neovim.rc.vim
360.127  000.207  000.207: sourcing /Users/masatoshi/.config/nvim/options.rc.vim
360.171  346.963  001.263: sourcing /Users/masatoshi/.config/nvim/init.vim
360.191  000.291: sourcing vimrc file(s)
360.443  000.084  000.084: sourcing /Users/masatoshi/.cache/dein/.cache/init.vim/.dein/ftplugin.vim
360.563  000.036  000.036: sourcing /usr/local/Cellar/neovim/HEAD-db415bd/share/nvim/runtime/ftplugin.vim
360.812  000.060  000.060: sourcing /usr/local/Cellar/neovim/HEAD-db415bd/share/nvim/runtime/indent.vim
361.338  000.109  000.109: sourcing /Users/masatoshi/.cache/dein/repos/github.com/Shougo/vimproc.vim/plugin/vimproc.vim
362.242  000.195  000.195: sourcing /Users/masatoshi/.cache/dein/.cache/init.vim/.dein/autoload/airline/init.vim
363.079  000.345  000.345: sourcing /Users/masatoshi/.cache/dein/repos/github.com/Shougo/dein.vim/autoload/dein/autoload.vim
363.461  000.141  000.141: sourcing /Users/masatoshi/.cache/dein/.cache/init.vim/.dein/autoload/airline/parts.vim
365.040  000.193  000.193: sourcing /Users/masatoshi/.cache/dein/.cache/init.vim/.dein/autoload/airline/util.vim
365.239  003.647  002.773: sourcing /Users/masatoshi/.cache/dein/.cache/init.vim/.dein/plugin/airline.vim
365.444  000.094  000.094: sourcing /Users/masatoshi/.cache/dein/.cache/init.vim/.dein/plugin/deoplete.vim
366.517  000.067  000.067: sourcing /usr/local/Cellar/neovim/HEAD-db415bd/share/nvim/runtime/plugin/gzip.vim
366.625  000.028  000.028: sourcing /usr/local/Cellar/neovim/HEAD-db415bd/share/nvim/runtime/plugin/health.vim
366.721  000.023  000.023: sourcing /usr/local/Cellar/neovim/HEAD-db415bd/share/nvim/runtime/plugin/man.vim
366.850  000.054  000.054: sourcing /usr/local/Cellar/neovim/HEAD-db415bd/share/nvim/runtime/plugin/matchit.vim
366.953  000.026  000.026: sourcing /usr/local/Cellar/neovim/HEAD-db415bd/share/nvim/runtime/plugin/matchparen.vim
367.068  000.038  000.038: sourcing /usr/local/Cellar/neovim/HEAD-db415bd/share/nvim/runtime/plugin/netrwPlugin.vim
367.917  000.298  000.298: sourcing /usr/local/Cellar/neovim/HEAD-db415bd/share/nvim/runtime/autoload/remote/host.vim
368.604  000.291  000.291: sourcing /usr/local/Cellar/neovim/HEAD-db415bd/share/nvim/runtime/autoload/remote/define.vim
368.932  001.514  000.925: sourcing /Users/masatoshi/.local/share/nvim/rplugin.vim
368.963  001.822  000.308: sourcing /usr/local/Cellar/neovim/HEAD-db415bd/share/nvim/runtime/plugin/rplugin.vim
369.154  000.041  000.041: sourcing /usr/local/Cellar/neovim/HEAD-db415bd/share/nvim/runtime/plugin/shada.vim
369.306  000.032  000.032: sourcing /usr/local/Cellar/neovim/HEAD-db415bd/share/nvim/runtime/plugin/spellfile.vim
369.430  000.039  000.039: sourcing /usr/local/Cellar/neovim/HEAD-db415bd/share/nvim/runtime/plugin/tarPlugin.vim
369.615  000.096  000.096: sourcing /usr/local/Cellar/neovim/HEAD-db415bd/share/nvim/runtime/plugin/tohtml.vim
369.810  000.048  000.048: sourcing /usr/local/Cellar/neovim/HEAD-db415bd/share/nvim/runtime/plugin/tutor.vim
369.979  000.045  000.045: sourcing /usr/local/Cellar/neovim/HEAD-db415bd/share/nvim/runtime/plugin/zipPlugin.vim
369.993  003.416: loading plugins
369.996  000.003: loading packages
370.125  000.130: loading after plugins
370.137  000.012: inits 3
377.905  007.768: reading ShaDa
378.967  000.489  000.489: sourcing /Users/masatoshi/.cache/dein/.cache/init.vim/.dein/autoload/airline/extensions.vim
379.439  000.149  000.149: sourcing /Users/masatoshi/.cache/dein/.cache/init.vim/.dein/autoload/airline/extensions/quickfix.vim
380.132  000.394  000.394: sourcing /Users/masatoshi/.cache/dein/.cache/init.vim/.dein/autoload/airline.vim
380.596  000.097  000.097: sourcing /Users/masatoshi/.cache/dein/.cache/init.vim/.dein/autoload/airline/extensions/term.vim
381.460  000.271  000.271: sourcing /Users/masatoshi/.cache/dein/.cache/init.vim/.dein/autoload/airline/extensions/whitespace.vim
382.271  000.351  000.351: sourcing /Users/masatoshi/.cache/dein/.cache/init.vim/.dein/autoload/airline/extensions/wordcount.vim
383.027  000.325  000.325: sourcing /Users/masatoshi/.cache/dein/.cache/init.vim/.dein/autoload/airline/extensions/tabline.vim
383.667  000.118  000.118: sourcing /Users/masatoshi/.cache/dein/.cache/init.vim/.dein/autoload/airline/extensions/tabline/autoshow.vim
384.346  000.201  000.201: sourcing /Users/masatoshi/.cache/dein/.cache/init.vim/.dein/autoload/airline/extensions/tabline/tabs.vim
385.283  000.552  000.552: sourcing /Users/masatoshi/.cache/dein/.cache/init.vim/.dein/autoload/airline/extensions/tabline/buffers.vim
385.966  000.073  000.073: sourcing /Users/masatoshi/.cache/dein/.cache/init.vim/.dein/autoload/airline/extensions/keymap.vim
390.995  000.128  000.128: sourcing /Users/masatoshi/.cache/dein/.cache/init.vim/.dein/autoload/airline/section.vim
391.731  000.340  000.340: sourcing /Users/masatoshi/.cache/dein/.cache/init.vim/.dein/autoload/airline/highlighter.vim
396.160  000.103  000.103: sourcing /Users/masatoshi/.cache/dein/.cache/init.vim/.dein/autoload/airline/themes.vim
396.807  001.056  000.952: sourcing /Users/masatoshi/.cache/dein/.cache/init.vim/.dein/autoload/airline/themes/ayu.vim
435.955  000.304  000.304: sourcing /Users/masatoshi/.cache/dein/.cache/init.vim/.dein/autoload/airline/builder.vim
436.820  000.175  000.175: sourcing /Users/masatoshi/.cache/dein/.cache/init.vim/.dein/autoload/airline/extensions/default.vim
500.745  117.817: opening buffers
500.751  000.005: BufEnter autocommands
500.754  000.004: editing files in windows
501.835  000.687  000.687: sourcing /Users/masatoshi/.cache/dein/repos/github.com/Shougo/dein.vim/autoload/dein/util.vim
502.626  000.291  000.291: sourcing /Users/masatoshi/.cache/dein/.cache/init.vim/.dein/autoload/deoplete/init.vim
503.655  000.272  000.272: sourcing /Users/masatoshi/.cache/dein/.cache/init.vim/.dein/autoload/deoplete/custom.vim
505.087  000.269  000.269: sourcing /Users/masatoshi/.cache/dein/.cache/init.vim/.dein/autoload/deoplete/util.vim
506.698  000.146  000.146: sourcing /usr/local/Cellar/neovim/HEAD-db415bd/share/nvim/runtime/autoload/provider/pythonx.vim
507.483  000.270  000.270: sourcing /usr/local/Cellar/neovim/HEAD-db415bd/share/nvim/runtime/autoload/provider/python3.vim
508.079  000.053  000.053: sourcing /usr/local/Cellar/neovim/HEAD-db415bd/share/nvim/runtime/autoload/provider.vim
637.977  000.246  000.246: sourcing /Users/masatoshi/.cache/dein/.cache/init.vim/.dein/autoload/deoplete/mapping.vim
638.898  000.330  000.330: sourcing /Users/masatoshi/.cache/dein/.cache/init.vim/.dein/autoload/deoplete/handler.vim
639.189  135.871: VimEnter autocommands
639.652  000.273  000.273: sourcing /usr/local/Cellar/neovim/HEAD-db415bd/share/nvim/runtime/autoload/provider/clipboard.vim
639.662  000.201: before starting main loop
640.653  000.195  000.195: sourcing /Users/masatoshi/.cache/dein/.cache/init.vim/.dein/autoload/airline/extensions/tabline/ctrlspace.vim
641.722  000.249  000.249: sourcing /Users/masatoshi/.cache/dein/.cache/init.vim/.dein/autoload/airline/extensions/tabline/builder.vim
642.479  000.123  000.123: sourcing /Users/masatoshi/.cache/dein/.cache/init.vim/.dein/autoload/airline/extensions/tabline/buflist.vim
647.373  000.099  000.099: sourcing /Users/masatoshi/.cache/dein/.cache/init.vim/.dein/autoload/airline/extensions/tabline/formatters/default.vim
654.137  013.809: first screen update
654.142  000.005: --- NVIM STARTED ---


times in msec
 clock   self+sourced   self:  sourced script
 clock   elapsed:              other lines

000.051  000.051: --- NVIM STARTING ---
001.160  001.109: locale set
001.895  000.735: inits 1
001.923  000.028: window checked
002.226  000.303: parsing arguments
002.580  000.354: expanding arguments
002.695  000.114: inits 2
003.417  000.722: init highlight
003.898  000.481: waiting for UI to make request
008.354  004.456: done waiting for UI
008.381  000.027: initialized screen early for UI
009.723  000.447  000.447: sourcing /Users/masatoshi/.config/nvim/keymap.rc.vim
010.753  000.838  000.838: sourcing /Users/masatoshi/.config/nvim/init.rc.vim
011.377  000.270  000.270: sourcing /Users/masatoshi/.cache/dein/repos/github.com/Shougo/dein.vim/autoload/dein.vim
012.692  000.045  000.045: sourcing /usr/local/Cellar/neovim/HEAD-db415bd/share/nvim/runtime/ftoff.vim
013.048  000.183  000.183: sourcing /Users/masatoshi/.config/nvim/plugins/denite-add.vim
013.180  000.065  000.065: sourcing /Users/masatoshi/.config/nvim/plugins/airline.vim
013.323  000.055  000.055: sourcing /Users/masatoshi/.config/nvim/plugins/deoplete.vim
013.605  000.138  000.138: sourcing /Users/masatoshi/.cache/dein/.cache/init.vim/.dein/autoload/deoplete.vim
013.691  002.051  001.565: sourcing /Users/masatoshi/.cache/dein/state_nvim.vim
013.716  002.771  000.450: sourcing /Users/masatoshi/.config/nvim/dein.rc.vim
014.042  000.074  000.074: sourcing /usr/local/Cellar/neovim/HEAD-db415bd/share/nvim/runtime/syntax/nosyntax.vim
300.625  286.757  286.682: sourcing /Users/masatoshi/.config/nvim/neovim.rc.vim
301.097  000.270  000.270: sourcing /Users/masatoshi/.config/nvim/options.rc.vim
301.139  292.393  001.310: sourcing /Users/masatoshi/.config/nvim/init.vim
301.165  000.391: sourcing vimrc file(s)
301.421  000.089  000.089: sourcing /Users/masatoshi/.cache/dein/.cache/init.vim/.dein/ftplugin.vim
301.529  000.025  000.025: sourcing /usr/local/Cellar/neovim/HEAD-db415bd/share/nvim/runtime/ftplugin.vim
301.771  000.066  000.066: sourcing /usr/local/Cellar/neovim/HEAD-db415bd/share/nvim/runtime/indent.vim
302.292  000.108  000.108: sourcing /Users/masatoshi/.cache/dein/repos/github.com/Shougo/vimproc.vim/plugin/vimproc.vim
303.185  000.192  000.192: sourcing /Users/masatoshi/.cache/dein/.cache/init.vim/.dein/autoload/airline/init.vim
304.015  000.350  000.350: sourcing /Users/masatoshi/.cache/dein/repos/github.com/Shougo/dein.vim/autoload/dein/autoload.vim
304.408  000.146  000.146: sourcing /Users/masatoshi/.cache/dein/.cache/init.vim/.dein/autoload/airline/parts.vim
306.004  000.193  000.193: sourcing /Users/masatoshi/.cache/dein/.cache/init.vim/.dein/autoload/airline/util.vim
306.199  003.643  002.762: sourcing /Users/masatoshi/.cache/dein/.cache/init.vim/.dein/plugin/airline.vim
306.391  000.081  000.081: sourcing /Users/masatoshi/.cache/dein/.cache/init.vim/.dein/plugin/deoplete.vim
307.355  000.046  000.046: sourcing /usr/local/Cellar/neovim/HEAD-db415bd/share/nvim/runtime/plugin/gzip.vim
307.514  000.034  000.034: sourcing /usr/local/Cellar/neovim/HEAD-db415bd/share/nvim/runtime/plugin/health.vim
307.703  000.048  000.048: sourcing /usr/local/Cellar/neovim/HEAD-db415bd/share/nvim/runtime/plugin/man.vim
307.917  000.092  000.092: sourcing /usr/local/Cellar/neovim/HEAD-db415bd/share/nvim/runtime/plugin/matchit.vim
308.033  000.031  000.031: sourcing /usr/local/Cellar/neovim/HEAD-db415bd/share/nvim/runtime/plugin/matchparen.vim
308.146  000.037  000.037: sourcing /usr/local/Cellar/neovim/HEAD-db415bd/share/nvim/runtime/plugin/netrwPlugin.vim
309.044  000.310  000.310: sourcing /usr/local/Cellar/neovim/HEAD-db415bd/share/nvim/runtime/autoload/remote/host.vim
309.742  000.298  000.298: sourcing /usr/local/Cellar/neovim/HEAD-db415bd/share/nvim/runtime/autoload/remote/define.vim
310.074  001.546  000.938: sourcing /Users/masatoshi/.local/share/nvim/rplugin.vim
310.088  001.862  000.316: sourcing /usr/local/Cellar/neovim/HEAD-db415bd/share/nvim/runtime/plugin/rplugin.vim
310.264  000.029  000.029: sourcing /usr/local/Cellar/neovim/HEAD-db415bd/share/nvim/runtime/plugin/shada.vim
310.416  000.043  000.043: sourcing /usr/local/Cellar/neovim/HEAD-db415bd/share/nvim/runtime/plugin/spellfile.vim
310.548  000.048  000.048: sourcing /usr/local/Cellar/neovim/HEAD-db415bd/share/nvim/runtime/plugin/tarPlugin.vim
310.682  000.059  000.059: sourcing /usr/local/Cellar/neovim/HEAD-db415bd/share/nvim/runtime/plugin/tohtml.vim
310.777  000.021  000.021: sourcing /usr/local/Cellar/neovim/HEAD-db415bd/share/nvim/runtime/plugin/tutor.vim
310.885  000.036  000.036: sourcing /usr/local/Cellar/neovim/HEAD-db415bd/share/nvim/runtime/plugin/zipPlugin.vim
310.897  003.335: loading plugins
310.900  000.002: loading packages
311.027  000.128: loading after plugins
311.039  000.012: inits 3
318.738  007.699: reading ShaDa
319.856  000.540  000.540: sourcing /Users/masatoshi/.cache/dein/.cache/init.vim/.dein/autoload/airline/extensions.vim
320.333  000.124  000.124: sourcing /Users/masatoshi/.cache/dein/.cache/init.vim/.dein/autoload/airline/extensions/quickfix.vim
321.026  000.394  000.394: sourcing /Users/masatoshi/.cache/dein/.cache/init.vim/.dein/autoload/airline.vim
321.497  000.099  000.099: sourcing /Users/masatoshi/.cache/dein/.cache/init.vim/.dein/autoload/airline/extensions/term.vim
322.514  000.307  000.307: sourcing /Users/masatoshi/.cache/dein/.cache/init.vim/.dein/autoload/airline/extensions/whitespace.vim
323.312  000.229  000.229: sourcing /Users/masatoshi/.cache/dein/.cache/init.vim/.dein/autoload/airline/extensions/wordcount.vim
324.075  000.350  000.350: sourcing /Users/masatoshi/.cache/dein/.cache/init.vim/.dein/autoload/airline/extensions/tabline.vim
324.981  000.280  000.280: sourcing /Users/masatoshi/.cache/dein/.cache/init.vim/.dein/autoload/airline/extensions/tabline/autoshow.vim
325.687  000.171  000.171: sourcing /Users/masatoshi/.cache/dein/.cache/init.vim/.dein/autoload/airline/extensions/tabline/tabs.vim
326.299  000.318  000.318: sourcing /Users/masatoshi/.cache/dein/.cache/init.vim/.dein/autoload/airline/extensions/tabline/buffers.vim
326.779  000.053  000.053: sourcing /Users/masatoshi/.cache/dein/.cache/init.vim/.dein/autoload/airline/extensions/keymap.vim
335.445  000.145  000.145: sourcing /Users/masatoshi/.cache/dein/.cache/init.vim/.dein/autoload/airline/section.vim
336.395  000.362  000.362: sourcing /Users/masatoshi/.cache/dein/.cache/init.vim/.dein/autoload/airline/highlighter.vim
340.614  000.108  000.108: sourcing /Users/masatoshi/.cache/dein/.cache/init.vim/.dein/autoload/airline/themes.vim
341.253  000.987  000.879: sourcing /Users/masatoshi/.cache/dein/.cache/init.vim/.dein/autoload/airline/themes/dark.vim
376.428  000.381  000.381: sourcing /Users/masatoshi/.cache/dein/.cache/init.vim/.dein/autoload/airline/builder.vim
377.377  000.191  000.191: sourcing /Users/masatoshi/.cache/dein/.cache/init.vim/.dein/autoload/airline/extensions/default.vim
394.658  070.990: opening buffers
394.664  000.006: BufEnter autocommands
394.667  000.003: editing files in windows
396.001  000.747  000.747: sourcing /Users/masatoshi/.cache/dein/repos/github.com/Shougo/dein.vim/autoload/dein/util.vim
396.710  000.248  000.248: sourcing /Users/masatoshi/.cache/dein/.cache/init.vim/.dein/autoload/deoplete/init.vim
397.442  000.191  000.191: sourcing /Users/masatoshi/.cache/dein/.cache/init.vim/.dein/autoload/deoplete/custom.vim
398.661  000.227  000.227: sourcing /Users/masatoshi/.cache/dein/.cache/init.vim/.dein/autoload/deoplete/util.vim
400.243  000.146  000.146: sourcing /usr/local/Cellar/neovim/HEAD-db415bd/share/nvim/runtime/autoload/provider/pythonx.vim
401.037  000.270  000.270: sourcing /usr/local/Cellar/neovim/HEAD-db415bd/share/nvim/runtime/autoload/provider/python3.vim
401.638  000.052  000.052: sourcing /usr/local/Cellar/neovim/HEAD-db415bd/share/nvim/runtime/autoload/provider.vim
529.604  000.219  000.219: sourcing /Users/masatoshi/.cache/dein/.cache/init.vim/.dein/autoload/deoplete/mapping.vim
530.726  000.335  000.335: sourcing /Users/masatoshi/.cache/dein/.cache/init.vim/.dein/autoload/deoplete/handler.vim
531.019  133.917: VimEnter autocommands
531.497  000.284  000.284: sourcing /usr/local/Cellar/neovim/HEAD-db415bd/share/nvim/runtime/autoload/provider/clipboard.vim
531.514  000.211: before starting main loop
532.501  000.194  000.194: sourcing /Users/masatoshi/.cache/dein/.cache/init.vim/.dein/autoload/airline/extensions/tabline/ctrlspace.vim
533.575  000.247  000.247: sourcing /Users/masatoshi/.cache/dein/.cache/init.vim/.dein/autoload/airline/extensions/tabline/builder.vim
534.312  000.109  000.109: sourcing /Users/masatoshi/.cache/dein/.cache/init.vim/.dein/autoload/airline/extensions/tabline/buflist.vim
538.696  000.089  000.089: sourcing /Users/masatoshi/.cache/dein/.cache/init.vim/.dein/autoload/airline/extensions/tabline/formatters/default.vim
558.945  026.792: first screen update
558.950  000.005: --- NVIM STARTED ---
